<?xml version="1.0" encoding="UTF-8"?>
<coverage generated="1588854904615" clover="3.2.0">
  <project timestamp="1588854904615" name="All files">
    <metrics statements="11" coveredstatements="11" conditionals="2" coveredconditionals="2" methods="6" coveredmethods="6" elements="19" coveredelements="19" complexity="0" loc="11" ncloc="11" packages="2" files="3" classes="3"/>
    <package name="components">
      <metrics statements="7" coveredstatements="7" conditionals="2" coveredconditionals="2" methods="5" coveredmethods="5"/>
      <file name="List.tsx" path="D:\IdeaProjects\ReactWebApps\Ex10\src\components\List.tsx">
        <metrics statements="3" coveredstatements="3" conditionals="2" coveredconditionals="2" methods="2" coveredmethods="2"/>
        <line num="7" count="1" type="stmt"/>
        <line num="8" count="1" type="stmt"/>
        <line num="19" count="10" type="stmt"/>
      </file>
      <file name="Pagination.tsx" path="D:\IdeaProjects\ReactWebApps\Ex10\src\components\Pagination.tsx">
        <metrics statements="4" coveredstatements="4" conditionals="0" coveredconditionals="0" methods="3" coveredmethods="3"/>
        <line num="9" count="1" type="stmt"/>
        <line num="10" count="4" type="stmt"/>
        <line num="12" count="1" type="stmt"/>
        <line num="18" count="1" type="stmt"/>
      </file>
    </package>
    <package name="logic">
      <metrics statements="4" coveredstatements="4" conditionals="0" coveredconditionals="0" methods="1" coveredmethods="1"/>
      <file name="Store.ts" path="D:\IdeaProjects\ReactWebApps\Ex10\src\logic\Store.ts">
        <metrics statements="4" coveredstatements="4" conditionals="0" coveredconditionals="0" methods="1" coveredmethods="1"/>
        <line num="3" count="6" type="stmt"/>
        <line num="4" count="6" type="stmt"/>
        <line num="5" count="60" type="stmt"/>
        <line num="7" count="6" type="stmt"/>
      </file>
    </package>
  </project>
</coverage>
