{"D:\\IdeaProjects\\ReactWebApps\\Ex10\\src\\components\\Pagination.tsx": {"path":"D:\\IdeaProjects\\ReactWebApps\\Ex10\\src\\components\\Pagination.tsx","statementMap":{"0":{"start":{"line":9,"column":26},"end":{"line":23,"column":1}},"1":{"start":{"line":10,"column":4},"end":{"line":22,"column":5}},"2":{"start":{"line":12,"column":106},"end":{"line":12,"column":123}},"3":{"start":{"line":18,"column":116},"end":{"line":18,"column":133}}},"fnMap":{"0":{"name":"(anonymous_0)","decl":{"start":{"line":9,"column":26},"end":{"line":9,"column":27}},"loc":{"start":{"line":9,"column":66},"end":{"line":23,"column":1}},"line":9},"1":{"name":"(anonymous_1)","decl":{"start":{"line":12,"column":100},"end":{"line":12,"column":101}},"loc":{"start":{"line":12,"column":106},"end":{"line":12,"column":123}},"line":12},"2":{"name":"(anonymous_2)","decl":{"start":{"line":18,"column":110},"end":{"line":18,"column":111}},"loc":{"start":{"line":18,"column":116},"end":{"line":18,"column":133}},"line":18}},"branchMap":{},"s":{"0":1,"1":3,"2":1,"3":1},"f":{"0":3,"1":1,"2":1},"b":{},"_coverageSchema":"1a1c01bbd47fc00a2c39e90264f33305004495a9","hash":"7b466dfd70f753a1c82c742647ec4c5e3a4eaadd"}
}
