{"D:\\IdeaProjects\\ReactWebApps\\Ex10\\src\\components\\List.tsx": {"path":"D:\\IdeaProjects\\ReactWebApps\\Ex10\\src\\components\\List.tsx","statementMap":{"0":{"start":{"line":7,"column":20},"end":{"line":29,"column":1}},"1":{"start":{"line":8,"column":4},"end":{"line":28,"column":5}},"2":{"start":{"line":19,"column":16},"end":{"line":25,"column":31}}},"fnMap":{"0":{"name":"(anonymous_0)","decl":{"start":{"line":7,"column":20},"end":{"line":7,"column":21}},"loc":{"start":{"line":7,"column":40},"end":{"line":29,"column":1}},"line":7},"1":{"name":"(anonymous_1)","decl":{"start":{"line":18,"column":23},"end":{"line":18,"column":24}},"loc":{"start":{"line":18,"column":40},"end":{"line":26,"column":13}},"line":18}},"branchMap":{"0":{"loc":{"start":{"line":24,"column":37},"end":{"line":24,"column":76}},"type":"cond-expr","locations":[{"start":{"line":24,"column":55},"end":{"line":24,"column":66}},{"start":{"line":24,"column":69},"end":{"line":24,"column":76}}],"line":24}},"s":{"0":1,"1":1,"2":10},"f":{"0":1,"1":10},"b":{"0":[5,5]},"_coverageSchema":"1a1c01bbd47fc00a2c39e90264f33305004495a9","hash":"b37252127b858080f3c988c906d38490c32f1b5b"}
,"D:\\IdeaProjects\\ReactWebApps\\Ex10\\src\\components\\Pagination.tsx": {"path":"D:\\IdeaProjects\\ReactWebApps\\Ex10\\src\\components\\Pagination.tsx","statementMap":{"0":{"start":{"line":9,"column":26},"end":{"line":23,"column":1}},"1":{"start":{"line":10,"column":4},"end":{"line":22,"column":5}},"2":{"start":{"line":12,"column":106},"end":{"line":12,"column":123}},"3":{"start":{"line":18,"column":116},"end":{"line":18,"column":133}}},"fnMap":{"0":{"name":"(anonymous_0)","decl":{"start":{"line":9,"column":26},"end":{"line":9,"column":27}},"loc":{"start":{"line":9,"column":66},"end":{"line":23,"column":1}},"line":9},"1":{"name":"(anonymous_1)","decl":{"start":{"line":12,"column":100},"end":{"line":12,"column":101}},"loc":{"start":{"line":12,"column":106},"end":{"line":12,"column":123}},"line":12},"2":{"name":"(anonymous_2)","decl":{"start":{"line":18,"column":110},"end":{"line":18,"column":111}},"loc":{"start":{"line":18,"column":116},"end":{"line":18,"column":133}},"line":18}},"branchMap":{},"s":{"0":1,"1":4,"2":1,"3":1},"f":{"0":4,"1":1,"2":1},"b":{},"_coverageSchema":"1a1c01bbd47fc00a2c39e90264f33305004495a9","hash":"7b466dfd70f753a1c82c742647ec4c5e3a4eaadd"}
,"D:\\IdeaProjects\\ReactWebApps\\Ex10\\src\\logic\\Store.ts": {"path":"D:\\IdeaProjects\\ReactWebApps\\Ex10\\src\\logic\\Store.ts","statementMap":{"0":{"start":{"line":3,"column":20},"end":{"line":3,"column":22}},"1":{"start":{"line":4,"column":8},"end":{"line":6,"column":9}},"2":{"start":{"line":4,"column":21},"end":{"line":4,"column":36}},"3":{"start":{"line":5,"column":12},"end":{"line":5,"column":35}},"4":{"start":{"line":7,"column":8},"end":{"line":7,"column":19}}},"fnMap":{"0":{"name":"(anonymous_0)","decl":{"start":{"line":2,"column":4},"end":{"line":2,"column":5}},"loc":{"start":{"line":2,"column":36},"end":{"line":8,"column":5}},"line":2}},"branchMap":{},"s":{"0":6,"1":6,"2":6,"3":60,"4":6},"f":{"0":6},"b":{},"_coverageSchema":"1a1c01bbd47fc00a2c39e90264f33305004495a9","hash":"70d2ef302e648cd2c8571f98bf27d2cd8c7cc598"}
}
